[2025-04-08 14:52:29Z INFO HostContext] No proxy settings were found based on environmental variables (http_proxy/https_proxy/HTTP_PROXY/HTTPS_PROXY)
[2025-04-08 14:52:29Z INFO HostContext] Well known directory 'Bin': 'C:\Users\lizam\Dev-course\go\actions-runner\bin'
[2025-04-08 14:52:29Z INFO HostContext] Well known directory 'Root': 'C:\Users\lizam\Dev-course\go\actions-runner'
[2025-04-08 14:52:29Z INFO HostContext] Well known config file 'Credentials': 'C:\Users\lizam\Dev-course\go\actions-runner\.credentials'
[2025-04-08 14:52:29Z INFO HostContext] Well known directory 'Bin': 'C:\Users\lizam\Dev-course\go\actions-runner\bin'
[2025-04-08 14:52:29Z INFO HostContext] Well known directory 'Root': 'C:\Users\lizam\Dev-course\go\actions-runner'
[2025-04-08 14:52:29Z INFO HostContext] Well known config file 'Runner': 'C:\Users\lizam\Dev-course\go\actions-runner\.runner'
[2025-04-08 14:52:29Z INFO Listener] Runner is built for Windows (X64) - win-x64.
[2025-04-08 14:52:29Z INFO Listener] RuntimeInformation: Microsoft Windows 10.0.19045.
[2025-04-08 14:52:29Z INFO Listener] Version: 2.323.0
[2025-04-08 14:52:29Z INFO Listener] Commit: d8b82f44a9ec0258904d5869ae683c31d5aac299
[2025-04-08 14:52:29Z INFO Listener] Culture: en-AT
[2025-04-08 14:52:29Z INFO Listener] UI Culture: ru-RU
[2025-04-08 14:52:29Z INFO HostContext] Well known directory 'Bin': 'C:\Users\lizam\Dev-course\go\actions-runner\bin'
[2025-04-08 14:52:29Z INFO HostContext] Well known directory 'Root': 'C:\Users\lizam\Dev-course\go\actions-runner'
[2025-04-08 14:52:29Z INFO Listener] Validating directory permissions for: 'C:\Users\lizam\Dev-course\go\actions-runner'
[2025-04-08 14:52:29Z INFO CommandLineParser] Parse
[2025-04-08 14:52:29Z INFO CommandLineParser] Parsing 5 args
[2025-04-08 14:52:29Z INFO CommandLineParser] parsing argument
[2025-04-08 14:52:29Z INFO CommandLineParser] HasArgs: False
[2025-04-08 14:52:29Z INFO CommandLineParser] Adding Command: configure
[2025-04-08 14:52:29Z INFO CommandLineParser] parsing argument
[2025-04-08 14:52:29Z INFO CommandLineParser] HasArgs: True
[2025-04-08 14:52:29Z INFO CommandLineParser] arg: url
[2025-04-08 14:52:29Z INFO CommandLineParser] parsing argument
[2025-04-08 14:52:29Z INFO CommandLineParser] HasArgs: True
[2025-04-08 14:52:29Z INFO CommandLineParser] Adding option 'url': 'https://github.com/masalskayaliza/cource_project'
[2025-04-08 14:52:29Z INFO CommandLineParser] parsing argument
[2025-04-08 14:52:29Z INFO CommandLineParser] HasArgs: True
[2025-04-08 14:52:29Z INFO CommandLineParser] arg: token
[2025-04-08 14:52:29Z INFO CommandLineParser] parsing argument
[2025-04-08 14:52:29Z INFO CommandLineParser] HasArgs: True
[2025-04-08 14:52:29Z INFO CommandLineParser] Adding option 'token': '***'
[2025-04-08 14:52:29Z INFO Listener] Arguments parsed
[2025-04-08 14:52:29Z INFO Runner] ExecuteCommand
[2025-04-08 14:52:29Z INFO ConfigurationStore] currentAssemblyLocation: C:\Users\lizam\Dev-course\go\actions-runner\bin\Runner.Listener.dll
[2025-04-08 14:52:29Z INFO HostContext] Well known directory 'Bin': 'C:\Users\lizam\Dev-course\go\actions-runner\bin'
[2025-04-08 14:52:29Z INFO ConfigurationStore] binPath: C:\Users\lizam\Dev-course\go\actions-runner\bin
[2025-04-08 14:52:29Z INFO HostContext] Well known directory 'Bin': 'C:\Users\lizam\Dev-course\go\actions-runner\bin'
[2025-04-08 14:52:29Z INFO HostContext] Well known directory 'Root': 'C:\Users\lizam\Dev-course\go\actions-runner'
[2025-04-08 14:52:29Z INFO ConfigurationStore] RootFolder: C:\Users\lizam\Dev-course\go\actions-runner
[2025-04-08 14:52:29Z INFO HostContext] Well known directory 'Bin': 'C:\Users\lizam\Dev-course\go\actions-runner\bin'
[2025-04-08 14:52:29Z INFO HostContext] Well known directory 'Root': 'C:\Users\lizam\Dev-course\go\actions-runner'
[2025-04-08 14:52:29Z INFO HostContext] Well known config file 'Runner': 'C:\Users\lizam\Dev-course\go\actions-runner\.runner'
[2025-04-08 14:52:29Z INFO ConfigurationStore] ConfigFilePath: C:\Users\lizam\Dev-course\go\actions-runner\.runner
[2025-04-08 14:52:29Z INFO HostContext] Well known directory 'Bin': 'C:\Users\lizam\Dev-course\go\actions-runner\bin'
[2025-04-08 14:52:29Z INFO HostContext] Well known directory 'Root': 'C:\Users\lizam\Dev-course\go\actions-runner'
[2025-04-08 14:52:29Z INFO HostContext] Well known config file 'MigratedRunner': 'C:\Users\lizam\Dev-course\go\actions-runner\.runner_migrated'
[2025-04-08 14:52:29Z INFO ConfigurationStore] MigratedConfigFilePath: C:\Users\lizam\Dev-course\go\actions-runner\.runner_migrated
[2025-04-08 14:52:29Z INFO HostContext] Well known directory 'Bin': 'C:\Users\lizam\Dev-course\go\actions-runner\bin'
[2025-04-08 14:52:29Z INFO HostContext] Well known directory 'Root': 'C:\Users\lizam\Dev-course\go\actions-runner'
[2025-04-08 14:52:29Z INFO HostContext] Well known config file 'Credentials': 'C:\Users\lizam\Dev-course\go\actions-runner\.credentials'
[2025-04-08 14:52:29Z INFO ConfigurationStore] CredFilePath: C:\Users\lizam\Dev-course\go\actions-runner\.credentials
[2025-04-08 14:52:29Z INFO HostContext] Well known directory 'Bin': 'C:\Users\lizam\Dev-course\go\actions-runner\bin'
[2025-04-08 14:52:29Z INFO HostContext] Well known directory 'Root': 'C:\Users\lizam\Dev-course\go\actions-runner'
[2025-04-08 14:52:29Z INFO HostContext] Well known config file 'MigratedCredentials': 'C:\Users\lizam\Dev-course\go\actions-runner\.credentials_migrated'
[2025-04-08 14:52:29Z INFO ConfigurationStore] MigratedCredFilePath: C:\Users\lizam\Dev-course\go\actions-runner\.credentials_migrated
[2025-04-08 14:52:29Z INFO HostContext] Well known directory 'Bin': 'C:\Users\lizam\Dev-course\go\actions-runner\bin'
[2025-04-08 14:52:29Z INFO HostContext] Well known directory 'Root': 'C:\Users\lizam\Dev-course\go\actions-runner'
[2025-04-08 14:52:29Z INFO HostContext] Well known config file 'Service': 'C:\Users\lizam\Dev-course\go\actions-runner\.service'
[2025-04-08 14:52:29Z INFO ConfigurationStore] ServiceConfigFilePath: C:\Users\lizam\Dev-course\go\actions-runner\.service
[2025-04-08 14:52:29Z INFO CommandSettings] Flag 'help': 'False'
[2025-04-08 14:52:29Z INFO CommandSettings] Flag 'version': 'False'
[2025-04-08 14:52:29Z INFO CommandSettings] Flag 'commit': 'False'
[2025-04-08 14:52:29Z INFO CommandSettings] Flag 'check': 'False'
[2025-04-08 14:52:29Z INFO CommandSettings] Command 'configure': 'True'
[2025-04-08 14:52:29Z INFO Terminal] WRITE LINE: 
[2025-04-08 14:52:29Z INFO Terminal] WRITE LINE: --------------------------------------------------------------------------------
[2025-04-08 14:52:29Z INFO Terminal] WRITE LINE: |        ____ _ _   _   _       _          _        _   _                      |
[2025-04-08 14:52:29Z INFO Terminal] WRITE LINE: |       / ___(_) |_| | | |_   _| |__      / \   ___| |_(_) ___  _ __  ___      |
[2025-04-08 14:52:29Z INFO Terminal] WRITE LINE: |      | |  _| | __| |_| | | | | '_ \    / _ \ / __| __| |/ _ \| '_ \/ __|     |
[2025-04-08 14:52:29Z INFO Terminal] WRITE LINE: |      | |_| | | |_|  _  | |_| | |_) |  / ___ \ (__| |_| | (_) | | | \__ \     |
[2025-04-08 14:52:29Z INFO Terminal] WRITE LINE: |       \____|_|\__|_| |_|\__,_|_.__/  /_/   \_\___|\__|_|\___/|_| |_|___/     |
[2025-04-08 14:52:29Z INFO Terminal] WRITE LINE: |                                                                              |
[2025-04-08 14:52:29Z INFO Terminal] WRITE: |                       
[2025-04-08 14:52:29Z INFO Terminal] WRITE: Self-hosted runner registration
[2025-04-08 14:52:29Z INFO Terminal] WRITE LINE:                         |
[2025-04-08 14:52:29Z INFO Terminal] WRITE LINE: |                                                                              |
[2025-04-08 14:52:29Z INFO Terminal] WRITE LINE: --------------------------------------------------------------------------------
[2025-04-08 14:52:29Z INFO ConfigurationManager] ConfigureAsync
[2025-04-08 14:52:29Z INFO CommandSettings] Flag 'generateServiceConfig': 'False'
[2025-04-08 14:52:29Z INFO ConfigurationStore] IsConfigured()
[2025-04-08 14:52:29Z INFO ConfigurationStore] IsConfigured: False
[2025-04-08 14:52:29Z INFO ConfigurationManager] Is configured: False
[2025-04-08 14:52:29Z INFO CommandSettings] Arg 'url': 'https://github.com/masalskayaliza/cource_project'
[2025-04-08 14:52:29Z INFO CommandSettings] Remove url from Arg dictionary.
[2025-04-08 14:52:29Z INFO CommandSettings] Arg 'token': '***'
[2025-04-08 14:52:29Z INFO CommandSettings] Remove token from Arg dictionary.
[2025-04-08 14:52:29Z ERR  Terminal] WRITE ERROR: Http response code: NotFound from 'POST https://api.github.com/actions/runner-registration' (Request Id: E3F5:75819:43B8B0:451593:67F5382E)
[2025-04-08 14:52:29Z ERR  Terminal] WRITE ERROR: {"message":"Not Found","documentation_url":"https://docs.github.com/rest","status":"404"}
[2025-04-08 14:52:30Z ERR  Runner] System.Net.Http.HttpRequestException: Response status code does not indicate success: 404 (Not Found).
   at System.Net.Http.HttpResponseMessage.EnsureSuccessStatusCode()
   at GitHub.Runner.Listener.Configuration.ConfigurationManager.GetTenantCredential(String githubUrl, String githubToken, String runnerEvent)
   at GitHub.Runner.Listener.Configuration.ConfigurationManager.ConfigureAsync(CommandSettings command)
   at GitHub.Runner.Listener.Runner.ExecuteCommand(CommandSettings command)
[2025-04-08 14:52:30Z ERR  Terminal] WRITE ERROR: Response status code does not indicate success: 404 (Not Found).
[2025-04-08 14:52:30Z INFO Listener] Runner execution has finished with return code 1
